<?xml version="1.0" encoding="UTF-8"?>
<!-- Generated by org.testng.reporters.JUnitReportReporter -->
<testsuite hostname="LAPTOP-R4MPUL09" failures="0" tests="2" name="Automation.E2Eproject.Homepage2" time="14.624" errors="0" timestamp="2021-09-22T15:29:03 IST" skipped="0">
  <testcase classname="Automation.E2Eproject.Homepage2" name="loginp" time="7.551"/>
  <system-out/>
  <testcase classname="Automation.E2Eproject.Homepage2" name="loginp" time="7.073"/>
  <system-out/>
</testsuite> <!-- Automation.E2Eproject.Homepage2 -->
