<?xml version="1.0" encoding="UTF-8"?>
<!-- Generated by org.testng.reporters.JUnitReportReporter -->
<testsuite hostname="LAPTOP-R4MPUL09" failures="0" tests="1" name="Automation.E2Eproject.AppTest" time="0.014" errors="0" timestamp="2021-09-18T20:14:32 IST" skipped="0">
  <testcase classname="Automation.E2Eproject.AppTest" name="shouldAnswerWithTrue" time="0.014"/>
  <system-out/>
</testsuite> <!-- Automation.E2Eproject.AppTest -->
